  Compiling CUDA source file pathtrace.cu...
  
  E:\cuda_pathtracing\cuda_pathtracing>"C:\Program Files\NVIDIA GPU Computing Toolkit\CUDA\v11.4\bin\nvcc.exe" -gencode=arch=compute_52,code=\"sm_52,compute_52\" --use-local-env -ccbin "C:\Program Files (x86)\Microsoft Visual Studio\2019\Professional\VC\Tools\MSVC\14.29.30037\bin\HostX86\x64" -x cu   -IE:\cuda_pathtracing\cuda_pathtracing\external\include -I"C:\Program Files\NVIDIA GPU Computing Toolkit\CUDA\v10.2\include" -I"C:\Program Files\NVIDIA GPU Computing Toolkit\CUDA\v11.4\include" -I"C:\Program Files\NVIDIA GPU Computing Toolkit\CUDA\v11.4\include"     --keep-dir x64\Release  -maxrregcount=0  --machine 64 --compile -cudart static    -D_CRT_SECURE_NO_WARNINGS -D_WINDOWS -DCUDA_COMPUTE_75 -DGLEW_STATIC -DWIN32 -DWIN64 -DNDEBUG -D_CONSOLE -D_MBCS -Xcompiler "/EHsc /W3 /nologo /O2 /Fdx64\Release\vc142.pdb /FS   /MD " -o x64\Release\pathtrace.cu.obj "E:\cuda_pathtracing\cuda_pathtracing\pathtrace.cu" 
C:\Program Files\NVIDIA GPU Computing Toolkit\CUDA\v10.2\include\cuda_runtime_api.h(9349): warning C4819: The file contains a character that cannot be represented in the current code page (936). Save the file in Unicode format to prevent data loss
C:\Program Files\NVIDIA GPU Computing Toolkit\CUDA\v10.2\include\cuda_runtime_api.h(9349): warning C4819: The file contains a character that cannot be represented in the current code page (936). Save the file in Unicode format to prevent data loss
C:\Program Files\NVIDIA GPU Computing Toolkit\CUDA\v10.2\include\cuda_runtime_api.h(9349): warning C4819: The file contains a character that cannot be represented in the current code page (936). Save the file in Unicode format to prevent data loss
C:\Program Files\NVIDIA GPU Computing Toolkit\CUDA\v10.2\include\cuda_runtime_api.h(9349): warning C4819: The file contains a character that cannot be represented in the current code page (936). Save the file in Unicode format to prevent data loss
C:\Program Files\NVIDIA GPU Computing Toolkit\CUDA\v10.2\include\cuda_runtime_api.h(9349): warning C4819: The file contains a character that cannot be represented in the current code page (936). Save the file in Unicode format to prevent data loss
C:\Program Files\NVIDIA GPU Computing Toolkit\CUDA\v10.2\include\cuda_runtime_api.h(9349): warning C4819: The file contains a character that cannot be represented in the current code page (936). Save the file in Unicode format to prevent data loss
C:\Program Files\NVIDIA GPU Computing Toolkit\CUDA\v10.2\include\cuda_runtime_api.h(9349): warning C4819: The file contains a character that cannot be represented in the current code page (936). Save the file in Unicode format to prevent data loss
C:\Program Files\NVIDIA GPU Computing Toolkit\CUDA\v10.2\include\cuda_runtime_api.h(9349): warning C4819: The file contains a character that cannot be represented in the current code page (936). Save the file in Unicode format to prevent data loss
C:\Program Files\NVIDIA GPU Computing Toolkit\CUDA\v10.2\include\cuda_runtime_api.h(9349): warning C4819: The file contains a character that cannot be represented in the current code page (936). Save the file in Unicode format to prevent data loss
C:\Program Files\NVIDIA GPU Computing Toolkit\CUDA\v10.2\include\cuda_runtime_api.h(9349): warning C4819: The file contains a character that cannot be represented in the current code page (936). Save the file in Unicode format to prevent data loss
C:\Program Files\NVIDIA GPU Computing Toolkit\CUDA\v10.2\include\cuda_runtime_api.h(9349): warning C4819: The file contains a character that cannot be represented in the current code page (936). Save the file in Unicode format to prevent data loss
C:\Program Files\NVIDIA GPU Computing Toolkit\CUDA\v10.2\include\cuda_runtime_api.h(9349): warning C4819: The file contains a character that cannot be represented in the current code page (936). Save the file in Unicode format to prevent data loss
C:\Program Files\NVIDIA GPU Computing Toolkit\CUDA\v10.2\include\cuda_runtime_api.h(9349): warning C4819: The file contains a character that cannot be represented in the current code page (936). Save the file in Unicode format to prevent data loss
C:\Program Files\NVIDIA GPU Computing Toolkit\CUDA\v10.2\include\cuda_runtime_api.h(9349): warning C4819: The file contains a character that cannot be represented in the current code page (936). Save the file in Unicode format to prevent data loss
C:\Program Files\NVIDIA GPU Computing Toolkit\CUDA\v10.2\include\sm_20_intrinsics.h(1): warning C4819: The file contains a character that cannot be represented in the current code page (936). Save the file in Unicode format to prevent data loss
C:\Program Files\NVIDIA GPU Computing Toolkit\CUDA\v10.2\include\cuda_runtime_api.h(9349): warning C4819: The file contains a character that cannot be represented in the current code page (936). Save the file in Unicode format to prevent data loss
C:\Program Files\NVIDIA GPU Computing Toolkit\CUDA\v10.2\include\sm_20_intrinsics.h(926): warning C4819: The file contains a character that cannot be represented in the current code page (936). Save the file in Unicode format to prevent data loss
C:\Program Files\NVIDIA GPU Computing Toolkit\CUDA\v10.2\include\cuda_runtime_api.h(9349): warning C4819: The file contains a character that cannot be represented in the current code page (936). Save the file in Unicode format to prevent data loss
C:\Program Files\NVIDIA GPU Computing Toolkit\CUDA\v10.2\include\cuda_runtime_api.h(9349): warning C4819: The file contains a character that cannot be represented in the current code page (936). Save the file in Unicode format to prevent data loss
C:\Program Files\NVIDIA GPU Computing Toolkit\CUDA\v10.2\include\cuda_runtime_api.h(9349): warning C4819: The file contains a character that cannot be represented in the current code page (936). Save the file in Unicode format to prevent data loss
C:\Program Files\NVIDIA GPU Computing Toolkit\CUDA\v10.2\include\cuda_runtime_api.h(9349): warning C4819: The file contains a character that cannot be represented in the current code page (936). Save the file in Unicode format to prevent data loss
C:\Program Files\NVIDIA GPU Computing Toolkit\CUDA\v10.2\include\cuda_runtime_api.h(9349): warning C4819: The file contains a character that cannot be represented in the current code page (936). Save the file in Unicode format to prevent data loss
C:\Program Files\NVIDIA GPU Computing Toolkit\CUDA\v10.2\include\cuda_runtime_api.h(9349): warning C4819: The file contains a character that cannot be represented in the current code page (936). Save the file in Unicode format to prevent data loss
C:\Program Files\NVIDIA GPU Computing Toolkit\CUDA\v10.2\include\cuda_runtime_api.h(9349): warning C4819: The file contains a character that cannot be represented in the current code page (936). Save the file in Unicode format to prevent data loss
C:\Program Files\NVIDIA GPU Computing Toolkit\CUDA\v10.2\include\cuda_runtime_api.h(9349): warning C4819: The file contains a character that cannot be represented in the current code page (936). Save the file in Unicode format to prevent data loss
C:\Program Files\NVIDIA GPU Computing Toolkit\CUDA\v10.2\include\cuda_runtime_api.h(9349): warning C4819: The file contains a character that cannot be represented in the current code page (936). Save the file in Unicode format to prevent data loss
C:/Program Files/NVIDIA GPU Computing Toolkit/CUDA/v10.2/include\cuda.h(13166): warning C4819: The file contains a character that cannot be represented in the current code page (936). Save the file in Unicode format to prevent data loss
C:\Program Files\NVIDIA GPU Computing Toolkit\CUDA\v10.2\include\crt\math_functions.hpp(885): warning : unrecognized #pragma in device code
  
C:\Program Files\NVIDIA GPU Computing Toolkit\CUDA\v10.2\include\crt\math_functions.hpp(890): warning : unrecognized #pragma in device code
  
C:\Program Files\NVIDIA GPU Computing Toolkit\CUDA\v10.2\include\crt\math_functions.hpp(901): warning : unrecognized #pragma in device code
  
C:\Program Files\NVIDIA GPU Computing Toolkit\CUDA\v10.2\include\crt\math_functions.hpp(905): warning : unrecognized #pragma in device code
  
C:\Program Files\NVIDIA GPU Computing Toolkit\CUDA\v10.2\include\crt\math_functions.hpp(916): warning : unrecognized #pragma in device code
  
C:\Program Files\NVIDIA GPU Computing Toolkit\CUDA\v10.2\include\crt\math_functions.hpp(920): warning : unrecognized #pragma in device code
  
C:\Program Files\NVIDIA GPU Computing Toolkit\CUDA\v10.2\include\crt\math_functions.hpp(931): warning : unrecognized #pragma in device code
  
C:\Program Files\NVIDIA GPU Computing Toolkit\CUDA\v10.2\include\crt\math_functions.hpp(935): warning : unrecognized #pragma in device code
  
C:\Program Files\NVIDIA GPU Computing Toolkit\CUDA\v10.2\include\crt\math_functions.hpp(1002): warning : unrecognized #pragma in device code
  
C:\Program Files\NVIDIA GPU Computing Toolkit\CUDA\v10.2\include\crt\math_functions.hpp(1006): warning : unrecognized #pragma in device code
  
C:\Program Files\NVIDIA GPU Computing Toolkit\CUDA\v10.2\include\crt\math_functions.hpp(1017): warning : unrecognized #pragma in device code
  
C:\Program Files\NVIDIA GPU Computing Toolkit\CUDA\v10.2\include\crt\math_functions.hpp(1021): warning : unrecognized #pragma in device code
  
C:\Program Files\NVIDIA GPU Computing Toolkit\CUDA\v10.2\include\crt\math_functions.hpp(1032): warning : unrecognized #pragma in device code
  
C:\Program Files\NVIDIA GPU Computing Toolkit\CUDA\v10.2\include\crt\math_functions.hpp(1036): warning : unrecognized #pragma in device code
  
C:\Program Files\NVIDIA GPU Computing Toolkit\CUDA\v10.2\include\crt\math_functions.hpp(1047): warning : unrecognized #pragma in device code
  
C:\Program Files\NVIDIA GPU Computing Toolkit\CUDA\v10.2\include\crt\math_functions.hpp(1051): warning : unrecognized #pragma in device code
  
e:\cuda_pathtracing\cuda_pathtracing\pathtrace.cu(428): warning : variable "sphere" was declared but never referenced
  
e:\cuda_pathtracing\cuda_pathtracing\pathtrace.cu(367): warning : variable "id" was declared but never referenced
  
e:\cuda_pathtracing\cuda_pathtracing\pathtrace.cu(380): warning : variable "tmin" was declared but never referenced
  
e:\cuda_pathtracing\cuda_pathtracing\pathtrace.cu(381): warning : variable "tmax" was declared but never referenced
  
e:\cuda_pathtracing\cuda_pathtracing\pathtrace.cu(382): warning : variable "inf" was declared but never referenced
  
e:\cuda_pathtracing\cuda_pathtracing\pathtrace.cu(35): warning : variable "host_image" was set but never used
  
C:\Program Files\NVIDIA GPU Computing Toolkit\CUDA\v10.2\include\cuda_runtime_api.h(9349): warning C4819: The file contains a character that cannot be represented in the current code page (936). Save the file in Unicode format to prevent data loss
C:\Program Files\NVIDIA GPU Computing Toolkit\CUDA\v10.2\include\cuda_runtime_api.h(9349): warning C4819: The file contains a character that cannot be represented in the current code page (936). Save the file in Unicode format to prevent data loss
C:\Program Files\NVIDIA GPU Computing Toolkit\CUDA\v10.2\include\cuda_runtime_api.h(9349): warning C4819: The file contains a character that cannot be represented in the current code page (936). Save the file in Unicode format to prevent data loss
C:\Program Files\NVIDIA GPU Computing Toolkit\CUDA\v10.2\include\cuda_runtime_api.h(9349): warning C4819: The file contains a character that cannot be represented in the current code page (936). Save the file in Unicode format to prevent data loss
C:\Program Files\NVIDIA GPU Computing Toolkit\CUDA\v10.2\include\cuda_runtime_api.h(9349): warning C4819: The file contains a character that cannot be represented in the current code page (936). Save the file in Unicode format to prevent data loss
C:\Program Files\NVIDIA GPU Computing Toolkit\CUDA\v10.2\include\cuda_runtime_api.h(9349): warning C4819: The file contains a character that cannot be represented in the current code page (936). Save the file in Unicode format to prevent data loss
C:\Program Files\NVIDIA GPU Computing Toolkit\CUDA\v10.2\include\cuda_runtime_api.h(9349): warning C4819: The file contains a character that cannot be represented in the current code page (936). Save the file in Unicode format to prevent data loss
C:\Program Files\NVIDIA GPU Computing Toolkit\CUDA\v10.2\include\cuda_runtime_api.h(9349): warning C4819: The file contains a character that cannot be represented in the current code page (936). Save the file in Unicode format to prevent data loss
C:\Program Files\NVIDIA GPU Computing Toolkit\CUDA\v10.2\include\cuda_runtime_api.h(9349): warning C4819: The file contains a character that cannot be represented in the current code page (936). Save the file in Unicode format to prevent data loss
C:\Program Files\NVIDIA GPU Computing Toolkit\CUDA\v10.2\include\cuda_runtime_api.h(9349): warning C4819: The file contains a character that cannot be represented in the current code page (936). Save the file in Unicode format to prevent data loss
C:\Program Files\NVIDIA GPU Computing Toolkit\CUDA\v10.2\include\cuda_runtime_api.h(9349): warning C4819: The file contains a character that cannot be represented in the current code page (936). Save the file in Unicode format to prevent data loss
C:\Program Files\NVIDIA GPU Computing Toolkit\CUDA\v10.2\include\sm_20_intrinsics.h(1): warning C4819: The file contains a character that cannot be represented in the current code page (936). Save the file in Unicode format to prevent data loss
C:\Program Files\NVIDIA GPU Computing Toolkit\CUDA\v10.2\include\cuda_runtime_api.h(9349): warning C4819: The file contains a character that cannot be represented in the current code page (936). Save the file in Unicode format to prevent data loss
C:\Program Files\NVIDIA GPU Computing Toolkit\CUDA\v10.2\include\sm_20_intrinsics.h(926): warning C4819: The file contains a character that cannot be represented in the current code page (936). Save the file in Unicode format to prevent data loss
C:\Program Files\NVIDIA GPU Computing Toolkit\CUDA\v10.2\include\cuda_runtime_api.h(9349): warning C4819: The file contains a character that cannot be represented in the current code page (936). Save the file in Unicode format to prevent data loss
C:\Program Files\NVIDIA GPU Computing Toolkit\CUDA\v10.2\include\cuda_runtime_api.h(9349): warning C4819: The file contains a character that cannot be represented in the current code page (936). Save the file in Unicode format to prevent data loss
C:\Program Files\NVIDIA GPU Computing Toolkit\CUDA\v10.2\include\cuda_runtime_api.h(9349): warning C4819: The file contains a character that cannot be represented in the current code page (936). Save the file in Unicode format to prevent data loss
C:\Program Files\NVIDIA GPU Computing Toolkit\CUDA\v10.2\include\cuda_runtime_api.h(9349): warning C4819: The file contains a character that cannot be represented in the current code page (936). Save the file in Unicode format to prevent data loss
C:\Program Files\NVIDIA GPU Computing Toolkit\CUDA\v10.2\include\cuda_runtime_api.h(9349): warning C4819: The file contains a character that cannot be represented in the current code page (936). Save the file in Unicode format to prevent data loss
C:\Program Files\NVIDIA GPU Computing Toolkit\CUDA\v10.2\include\cuda_runtime_api.h(9349): warning C4819: The file contains a character that cannot be represented in the current code page (936). Save the file in Unicode format to prevent data loss
C:\Program Files\NVIDIA GPU Computing Toolkit\CUDA\v10.2\include\cuda_runtime_api.h(9349): warning C4819: The file contains a character that cannot be represented in the current code page (936). Save the file in Unicode format to prevent data loss
C:/Program Files/NVIDIA GPU Computing Toolkit/CUDA/v10.2/include\cuda.h(13166): warning C4819: The file contains a character that cannot be represented in the current code page (936). Save the file in Unicode format to prevent data loss
  pathtrace.cu
e:\cuda_pathtracing\cuda_pathtracing\pathtrace.cu(590): warning C4305: 'argument': truncation from 'double' to 'float'
     Creating library E:\cuda_pathtracing\x64\Release\cuda_pathtracing.lib and object E:\cuda_pathtracing\x64\Release\cuda_pathtracing.exp
LINK : warning LNK4098: defaultlib 'LIBCMT' conflicts with use of other libs; use /NODEFAULTLIB:library
  Generating code
  0 of 389 functions ( 0.0%) were compiled, the rest were copied from previous compilation.
    0 functions were new in current compilation
    0 functions had inline decision re-evaluated but remain unchanged
  Finished generating code
glew32s.lib(glew.obj) : warning LNK4099: PDB 'vc120.pdb' was not found with 'glew32s.lib(glew.obj)' or at 'E:\cuda_pathtracing\x64\Release\vc120.pdb'; linking object as if no debug info
  cuda_pathtracing.vcxproj -> E:\cuda_pathtracing\x64\Release\cuda_pathtracing.exe
